xres = 639
yres = 399
noscale = 0
wpixel = 278
hpixel = 278
cheights = 4
linetypes = 7
linewidths = 0
markertypes = 6
markersizes = 0
faces = 1
patterns = 24
hatches = 12
colors = 16
ngdps = 10
cangdps[0] = 1
cangdps[1] = 2
cangdps[2] = 3
cangdps[3] = 4
cangdps[4] = 5
cangdps[5] = 6
cangdps[6] = 7
cangdps[7] = 8
cangdps[8] = 9
cangdps[9] = 10
gdpattr[0] = 3
gdpattr[1] = 0
gdpattr[2] = 3
gdpattr[3] = 3
gdpattr[4] = 3
gdpattr[5] = 0
gdpattr[6] = 3
gdpattr[7] = 0
gdpattr[8] = 3
gdpattr[9] = 2
cancolor = 1
cantextrot = 1
canfillarea = 1
cancellarray = 0
palette = 0
locators = 2
valuators = 1
choicedevs = 1
stringdevs = 1
wstype = 2
minwchar = 0
minhchar = 0
maxwchar = 0
maxhchar = 0
minwline = 0
zero5 = 0
maxwline = 0
zero7 = 0
minwmark = 0
minhmark = 0
maxwmark = 0
maxhmark = 0

screentype = 4
bgcolors = 0
textfx = 31
canscale = 0
planes = 4
lut = 1
rops = 5000
cancontourfill = 1
textrot = 2
writemodes = 4
inputmodes = 2
textalign = 1
inking = 0
rubberbanding = 0
maxvertices = 1024
maxintin = -1
mousebuttons = 2
widestyles = 0
widemodes = 4
reserved[0] = 1
reserved[1] = 0
reserved[2] = 0
reserved[3] = 0
reserved[4] = 0
reserved[5] = 0
reserved[6] = 0
reserved[7] = 0
reserved[8] = 0
reserved[9] = 2
reserved[10] = 0
reserved[11] = 1
reserved[12] = 0
reserved[13] = 0
reserved[14] = 0
reserved[15] = 0
reserved[16] = 0
reserved[17] = 0
reserved[18] = 0
reserved[19] = 0
reserved[20] = 0
reserved[21] = 0
reserved[22] = 0
reserved[23] = 0
reserved[24] = 0
reserved[25] = 0
